<?xml version="1.0" encoding="UTF-8"?>
<testsuite name="kr.ac.jejunu.userdao.UserDaoTests" tests="4" skipped="0" failures="0" errors="0" timestamp="2021-04-23T07:21:35" hostname="gangmin-aui-MacBookPro.local" time="0.615">
  <properties/>
  <testcase name="testGetHalla()" classname="kr.ac.jejunu.userdao.UserDaoTests" time="0.451"/>
  <testcase name="testGet()" classname="kr.ac.jejunu.userdao.UserDaoTests" time="0.046"/>
  <testcase name="testInsertHalla()" classname="kr.ac.jejunu.userdao.UserDaoTests" time="0.063"/>
  <testcase name="testInsert()" classname="kr.ac.jejunu.userdao.UserDaoTests" time="0.05"/>
  <system-out><![CDATA[]]></system-out>
  <system-err><![CDATA[]]></system-err>
</testsuite>
