<?xml version="1.0" encoding="UTF-8"?>
<testsuite name="kr.ac.jejunu.userdao.UserDaoTests" tests="4" skipped="0" failures="0" errors="0" timestamp="2021-04-23T08:57:17" hostname="gangmin-aui-MacBookPro.local" time="0.541">
  <properties/>
  <testcase name="testGet()" classname="kr.ac.jejunu.userdao.UserDaoTests" time="0.389"/>
  <testcase name="testDelete()" classname="kr.ac.jejunu.userdao.UserDaoTests" time="0.065"/>
  <testcase name="testInsert()" classname="kr.ac.jejunu.userdao.UserDaoTests" time="0.039"/>
  <testcase name="testUpdate()" classname="kr.ac.jejunu.userdao.UserDaoTests" time="0.045"/>
  <system-out><![CDATA[]]></system-out>
  <system-err><![CDATA[]]></system-err>
</testsuite>
